<?xml version="1.0" encoding="UTF-8"?>
<!-- Generated by org.testng.reporters.JUnitReportReporter -->
<testsuite hostname="DESKTOP-JIQFNTL" name="qaclickacademy.restapiTest" tests="2" failures="0" timestamp="19 Apr 2020 06:21:32 GMT" time="0.044" errors="0">
  <testcase name="postjira" time="0.025" classname="qaclickacademy.restapiTest"/>
  <testcase name="deletetwitter" time="0.019" classname="qaclickacademy.restapiTest"/>
</testsuite> <!-- qaclickacademy.restapiTest -->
