<?xml version="1.0" encoding="UTF-8"?>
<!-- Generated by org.testng.reporters.JUnitReportReporter -->
<testsuite hostname="DESKTOP-JIQFNTL" name="qaclickacademy.appiumTest" tests="2" failures="0" timestamp="19 Apr 2020 06:21:32 GMT" time="0.008" errors="0">
  <testcase name="nativeappandroid" time="0.004" classname="qaclickacademy.appiumTest"/>
  <testcase name="iosapp" time="0.004" classname="qaclickacademy.appiumTest"/>
</testsuite> <!-- qaclickacademy.appiumTest -->
