<?xml version="1.0" encoding="UTF-8"?>
<!-- Generated by org.testng.reporters.JUnitReportReporter -->
<testsuite hostname="DESKTOP-JIQFNTL" name="qaclickacademy.seleniumTest" tests="2" failures="0" timestamp="19 Apr 2020 06:21:32 GMT" time="0.004" errors="0">
  <testcase name="elementui" time="0.002" classname="qaclickacademy.seleniumTest"/>
  <testcase name="browserautomation" time="0.002" classname="qaclickacademy.seleniumTest"/>
</testsuite> <!-- qaclickacademy.seleniumTest -->
