<?xml version="1.0" encoding="UTF-8"?>
<!-- Generated by org.testng.reporters.JUnitReportReporter -->
<testsuite hostname="DESKTOP-JIQFNTL" name="qaclickacademy.seleniumTest" tests="2" failures="0" timestamp="22 Apr 2020 15:21:16 GMT" time="0.004" errors="0">
  <testcase name="browserautomation" time="0.003" classname="qaclickacademy.seleniumTest"/>
  <testcase name="elementui" time="0.001" classname="qaclickacademy.seleniumTest"/>
</testsuite> <!-- qaclickacademy.seleniumTest -->
