<?xml version="1.0" encoding="UTF-8"?>
<!-- Generated by org.testng.reporters.JUnitReportReporter -->
<testsuite hostname="DESKTOP-JIQFNTL" name="qaclickacademy.appiumTest" tests="2" failures="0" timestamp="22 Apr 2020 15:21:16 GMT" time="0.010" errors="0">
  <testcase name="iosapp" time="0.009" classname="qaclickacademy.appiumTest"/>
  <testcase name="nativeappandroid" time="0.001" classname="qaclickacademy.appiumTest"/>
</testsuite> <!-- qaclickacademy.appiumTest -->
